<?xml version="1.0" encoding="UTF-8"?>
<!-- Generated by org.testng.reporters.JUnitReportReporter -->
<testsuite hostname="MSI" failures="0" tests="1" name="tests.authen.LoginTest" time="25.438" errors="0" timestamp="2023-06-25T11:35:32 ICT" skipped="0">
  <testcase classname="tests.authen.LoginTest" name="testLogin" time="25.438"/>
  <system-out/>
</testsuite> <!-- tests.authen.LoginTest -->
